Using pre-set license
Built from '2021.3/staging' branch; Version is '2021.3.14f1 (eee1884e7226) revision 15655304'; Using compiler version '192829333'; Build Type 'Release'
OS: 'Windows 10  (10.0.18363) 64bit Professional' Language: 'tr' Physical Memory: 16241 MB
BatchMode: 1, IsHumanControllingUs: 0, StartBugReporterOnCrash: 0, Is64bit: 1, IsPro: 1

COMMAND LINE ARGUMENTS:
D:\Uygulamalar\UNITY\Editor\2021.3.14f1\Editor\Unity.exe
-adb2
-batchMode
-noUpm
-name
AssetImportWorker3
-projectPath
C:/Users/Kadir/Desktop/Infected Zone/Infected Zone
-logFile
Logs/AssetImportWorker3.log
-srvPort
57470
Successfully changed project path to: C:/Users/Kadir/Desktop/Infected Zone/Infected Zone
C:/Users/Kadir/Desktop/Infected Zone/Infected Zone
[UnityMemory] Configuration Parameters - Can be set up in boot.config
    "memorysetup-bucket-allocator-granularity=16"
    "memorysetup-bucket-allocator-bucket-count=8"
    "memorysetup-bucket-allocator-block-size=33554432"
    "memorysetup-bucket-allocator-block-count=8"
    "memorysetup-main-allocator-block-size=16777216"
    "memorysetup-thread-allocator-block-size=16777216"
    "memorysetup-gfx-main-allocator-block-size=16777216"
    "memorysetup-gfx-thread-allocator-block-size=16777216"
    "memorysetup-cache-allocator-block-size=4194304"
    "memorysetup-typetree-allocator-block-size=2097152"
    "memorysetup-profiler-bucket-allocator-granularity=16"
    "memorysetup-profiler-bucket-allocator-bucket-count=8"
    "memorysetup-profiler-bucket-allocator-block-size=33554432"
    "memorysetup-profiler-bucket-allocator-block-count=8"
    "memorysetup-profiler-allocator-block-size=16777216"
    "memorysetup-profiler-editor-allocator-block-size=1048576"
    "memorysetup-temp-allocator-size-main=16777216"
    "memorysetup-job-temp-allocator-block-size=2097152"
    "memorysetup-job-temp-allocator-block-size-background=1048576"
    "memorysetup-job-temp-allocator-reduction-small-platforms=262144"
    "memorysetup-temp-allocator-size-background-worker=32768"
    "memorysetup-temp-allocator-size-job-worker=262144"
    "memorysetup-temp-allocator-size-preload-manager=33554432"
    "memorysetup-temp-allocator-size-nav-mesh-worker=65536"
    "memorysetup-temp-allocator-size-audio-worker=65536"
    "memorysetup-temp-allocator-size-cloud-worker=32768"
    "memorysetup-temp-allocator-size-gi-baking-worker=262144"
    "memorysetup-temp-allocator-size-gfx=262144"
Refreshing native plugins compatible for Editor in 89.91 ms, found 3 plugins.
Preloading 0 native plugins for Editor in 0.00 ms.
Initialize engine version: 2021.3.14f1 (eee1884e7226)
[Subsystems] Discovering subsystems at path D:/Uygulamalar/UNITY/Editor/2021.3.14f1/Editor/Data/Resources/UnitySubsystems
[Subsystems] Discovering subsystems at path C:/Users/Kadir/Desktop/Infected Zone/Infected Zone/Assets
GfxDevice: creating device client; threaded=0; jobified=0
Direct3D:
    Version:  Direct3D 11.0 [level 11.1]
    Renderer: NVIDIA GeForce GTX 1650 (ID=0x1f91)
    Vendor:   NVIDIA
    VRAM:     3962 MB
    Driver:   30.0.15.1289
Initialize mono
Mono path[0] = 'D:/Uygulamalar/UNITY/Editor/2021.3.14f1/Editor/Data/Managed'
Mono path[1] = 'D:/Uygulamalar/UNITY/Editor/2021.3.14f1/Editor/Data/MonoBleedingEdge/lib/mono/unityjit-win32'
Mono config path = 'D:/Uygulamalar/UNITY/Editor/2021.3.14f1/Editor/Data/MonoBleedingEdge/etc'
Using monoOptions --debugger-agent=transport=dt_socket,embedding=1,server=y,suspend=n,address=127.0.0.1:56724
Begin MonoManager ReloadAssembly
Registering precompiled unity dll's ...
Register platform support module: D:/Uygulamalar/UNITY/Editor/2021.3.14f1/Editor/Data/PlaybackEngines/WebGLSupport/UnityEditor.WebGL.Extensions.dll
Register platform support module: D:/Uygulamalar/UNITY/Editor/2021.3.14f1/Editor/Data/PlaybackEngines/WindowsStandaloneSupport/UnityEditor.WindowsStandalone.Extensions.dll
Registered in 0.003110 seconds.
Native extension for WindowsStandalone target not found
Native extension for WebGL target not found
Refreshing native plugins compatible for Editor in 91.63 ms, found 3 plugins.
Preloading 0 native plugins for Editor in 0.00 ms.
Mono: successfully reloaded assembly
- Completed reload, in  0.653 seconds
Domain Reload Profiling:
	ReloadAssembly (653ms)
		BeginReloadAssembly (68ms)
			ExecutionOrderSort (0ms)
			DisableScriptedObjects (0ms)
			BackupInstance (0ms)
			ReleaseScriptingObjects (0ms)
			CreateAndSetChildDomain (1ms)
		EndReloadAssembly (485ms)
			LoadAssemblies (68ms)
			RebuildTransferFunctionScriptingTraits (0ms)
			SetupTypeCache (123ms)
			ReleaseScriptCaches (0ms)
			RebuildScriptCaches (34ms)
			SetupLoadedEditorAssemblies (268ms)
				LogAssemblyErrors (0ms)
				InitializePlatformSupportModulesInManaged (7ms)
				SetLoadedEditorAssemblies (0ms)
				RefreshPlugins (92ms)
				BeforeProcessingInitializeOnLoad (1ms)
				ProcessInitializeOnLoadAttributes (121ms)
				ProcessInitializeOnLoadMethodAttributes (46ms)
				AfterProcessingInitializeOnLoad (0ms)
				EditorAssembliesLoaded (0ms)
			ExecutionOrderSort2 (0ms)
			AwakeInstancesAfterBackupRestoration (0ms)
Platform modules already initialized, skipping
Registering precompiled user dll's ...
Registered in 0.006997 seconds.
Begin MonoManager ReloadAssembly
Symbol file LoadedFromMemory doesn't match image C:\Users\Kadir\Desktop\Infected Zone\Infected Zone\Library\PackageCache\com.unity.visualscripting@1.7.8\Editor\VisualScripting.Core\Dependencies\YamlDotNet\Unity.VisualScripting.YamlDotNet.dll
Symbol file LoadedFromMemory doesn't match image C:\Users\Kadir\Desktop\Infected Zone\Infected Zone\Library\PackageCache\com.unity.visualscripting@1.7.8\Editor\VisualScripting.Core\Dependencies\DotNetZip\Unity.VisualScripting.IonicZip.dll
Native extension for WindowsStandalone target not found
Native extension for WebGL target not found
Refreshing native plugins compatible for Editor in 0.60 ms, found 3 plugins.
Preloading 0 native plugins for Editor in 0.00 ms.
Mono: successfully reloaded assembly
- Completed reload, in  1.030 seconds
Domain Reload Profiling:
	ReloadAssembly (1031ms)
		BeginReloadAssembly (129ms)
			ExecutionOrderSort (0ms)
			DisableScriptedObjects (6ms)
			BackupInstance (0ms)
			ReleaseScriptingObjects (0ms)
			CreateAndSetChildDomain (20ms)
		EndReloadAssembly (778ms)
			LoadAssemblies (107ms)
			RebuildTransferFunctionScriptingTraits (0ms)
			SetupTypeCache (264ms)
			ReleaseScriptCaches (1ms)
			RebuildScriptCaches (60ms)
			SetupLoadedEditorAssemblies (331ms)
				LogAssemblyErrors (0ms)
				InitializePlatformSupportModulesInManaged (5ms)
				SetLoadedEditorAssemblies (0ms)
				RefreshPlugins (1ms)
				BeforeProcessingInitializeOnLoad (84ms)
				ProcessInitializeOnLoadAttributes (216ms)
				ProcessInitializeOnLoadMethodAttributes (22ms)
				AfterProcessingInitializeOnLoad (3ms)
				EditorAssembliesLoaded (0ms)
			ExecutionOrderSort2 (0ms)
			AwakeInstancesAfterBackupRestoration (7ms)
Platform modules already initialized, skipping
========================================================================
Worker process is ready to serve import requests
Launched and connected shader compiler UnityShaderCompiler.exe after 0.05 seconds
Refreshing native plugins compatible for Editor in 0.64 ms, found 3 plugins.
Preloading 0 native plugins for Editor in 0.00 ms.
Unloading 3398 Unused Serialized files (Serialized files now loaded: 0)
Unloading 27 unused Assets / (114.5 KB). Loaded Objects now: 3864.
Memory consumption went from 195.3 MB to 195.2 MB.
Total: 3.816300 ms (FindLiveObjects: 0.258300 ms CreateObjectMapping: 0.204800 ms MarkObjects: 3.238000 ms  DeleteObjects: 0.114200 ms)

AssetImportParameters requested are different than current active one (requested -> active):
  custom:video-decoder-ogg-theora: a1e56fd34408186e4bbccfd4996cb3dc -> 
  custom:container-muxer-webm: aa71ff27fc2769a1b78a27578f13a17b -> 
  custom:container-demuxer-webm: 4f35f7cbe854078d1ac9338744f61a02 -> 
  custom:video-encoder-webm-vp8: eb34c28f22e8b96e1ab97ce403110664 -> 
  custom:audio-encoder-webm-vorbis: bf7c407c2cedff20999df2af8eb42d56 -> 
  custom:framework-win-MediaFoundation: 216162199b28c13a410421893ffa2e32 -> 
  custom:container-demuxer-ogg: 62fdf1f143b41e24485cea50d1cbac27 -> 
  custom:video-decoder-webm-vp8: 9c59270c3fd7afecdb556c50c9e8de78 -> 
  custom:audio-decoder-ogg-vorbis: bf7c407c2cedff20999df2af8eb42d56 -> 
========================================================================
Received Import Request.
  Time since last request: 12337.962808 seconds.
  path: Assets/AssetStore/JMO Assets/Cartoon FX (legacy)/CFX4 Prefabs/Magic/CFX4 Magic Hit.prefab
  artifactKey: Guid(b395d5d6eb4b4b846acc021ee036b744) Importer(815301076,1909f56bfc062723c751e8b465ee728b)
Start importing Assets/AssetStore/JMO Assets/Cartoon FX (legacy)/CFX4 Prefabs/Magic/CFX4 Magic Hit.prefab using Guid(b395d5d6eb4b4b846acc021ee036b744) Importer(815301076,1909f56bfc062723c751e8b465ee728b)  -> (artifact id: 'a856f4c256c0b6b0448c397c28944900') in 0.135090 seconds 
========================================================================
Received Prepare
Registering precompiled user dll's ...
Registered in 0.007769 seconds.
Begin MonoManager ReloadAssembly
Symbol file LoadedFromMemory doesn't match image C:\Users\Kadir\Desktop\Infected Zone\Infected Zone\Library\PackageCache\com.unity.visualscripting@1.7.8\Editor\VisualScripting.Core\Dependencies\YamlDotNet\Unity.VisualScripting.YamlDotNet.dll
Symbol file LoadedFromMemory doesn't match image C:\Users\Kadir\Desktop\Infected Zone\Infected Zone\Library\PackageCache\com.unity.visualscripting@1.7.8\Editor\VisualScripting.Core\Dependencies\DotNetZip\Unity.VisualScripting.IonicZip.dll
Native extension for WindowsStandalone target not found
Native extension for WebGL target not found
Refreshing native plugins compatible for Editor in 0.90 ms, found 3 plugins.
Preloading 0 native plugins for Editor in 0.00 ms.
Mono: successfully reloaded assembly
- Completed reload, in  1.335 seconds
Domain Reload Profiling:
	ReloadAssembly (1335ms)
		BeginReloadAssembly (153ms)
			ExecutionOrderSort (0ms)
			DisableScriptedObjects (6ms)
			BackupInstance (0ms)
			ReleaseScriptingObjects (0ms)
			CreateAndSetChildDomain (44ms)
		EndReloadAssembly (1074ms)
			LoadAssemblies (100ms)
			RebuildTransferFunctionScriptingTraits (0ms)
			SetupTypeCache (364ms)
			ReleaseScriptCaches (1ms)
			RebuildScriptCaches (62ms)
			SetupLoadedEditorAssemblies (464ms)
				LogAssemblyErrors (0ms)
				InitializePlatformSupportModulesInManaged (21ms)
				SetLoadedEditorAssemblies (1ms)
				RefreshPlugins (1ms)
				BeforeProcessingInitializeOnLoad (100ms)
				ProcessInitializeOnLoadAttributes (299ms)
				ProcessInitializeOnLoadMethodAttributes (37ms)
				AfterProcessingInitializeOnLoad (5ms)
				EditorAssembliesLoaded (0ms)
			ExecutionOrderSort2 (0ms)
			AwakeInstancesAfterBackupRestoration (11ms)
Platform modules already initialized, skipping
Refreshing native plugins compatible for Editor in 3.56 ms, found 3 plugins.
Preloading 0 native plugins for Editor in 0.00 ms.
Unloading 3384 Unused Serialized files (Serialized files now loaded: 0)
Unloading 20 unused Assets / (81.4 KB). Loaded Objects now: 3875.
Memory consumption went from 198.7 MB to 198.6 MB.
Total: 3.841600 ms (FindLiveObjects: 0.339400 ms CreateObjectMapping: 0.171200 ms MarkObjects: 3.226100 ms  DeleteObjects: 0.103500 ms)

AssetImportParameters requested are different than current active one (requested -> active):
  custom:video-decoder-ogg-theora: a1e56fd34408186e4bbccfd4996cb3dc -> 
  custom:container-muxer-webm: aa71ff27fc2769a1b78a27578f13a17b -> 
  custom:container-demuxer-webm: 4f35f7cbe854078d1ac9338744f61a02 -> 
  custom:video-encoder-webm-vp8: eb34c28f22e8b96e1ab97ce403110664 -> 
  custom:audio-encoder-webm-vorbis: bf7c407c2cedff20999df2af8eb42d56 -> 
  custom:framework-win-MediaFoundation: 216162199b28c13a410421893ffa2e32 -> 
  custom:container-demuxer-ogg: 62fdf1f143b41e24485cea50d1cbac27 -> 
  custom:video-decoder-webm-vp8: 9c59270c3fd7afecdb556c50c9e8de78 -> 
  custom:audio-decoder-ogg-vorbis: bf7c407c2cedff20999df2af8eb42d56 -> 
========================================================================
Received Import Request.
  Time since last request: 105.347019 seconds.
  path: Assets/Prefabs/Environments/Wall.prefab
  artifactKey: Guid(0633046cf7386094bbda60b9bde78414) Importer(815301076,1909f56bfc062723c751e8b465ee728b)
Start importing Assets/Prefabs/Environments/Wall.prefab using Guid(0633046cf7386094bbda60b9bde78414) Importer(815301076,1909f56bfc062723c751e8b465ee728b)  -> (artifact id: '2b4a129830b1d9e010ab124bf711826d') in 0.100923 seconds 
========================================================================
Received Prepare
Registering precompiled user dll's ...
Registered in 0.007679 seconds.
Begin MonoManager ReloadAssembly
Symbol file LoadedFromMemory doesn't match image C:\Users\Kadir\Desktop\Infected Zone\Infected Zone\Library\PackageCache\com.unity.visualscripting@1.7.8\Editor\VisualScripting.Core\Dependencies\YamlDotNet\Unity.VisualScripting.YamlDotNet.dll
Symbol file LoadedFromMemory doesn't match image C:\Users\Kadir\Desktop\Infected Zone\Infected Zone\Library\PackageCache\com.unity.visualscripting@1.7.8\Editor\VisualScripting.Core\Dependencies\DotNetZip\Unity.VisualScripting.IonicZip.dll
Native extension for WindowsStandalone target not found
Native extension for WebGL target not found
Refreshing native plugins compatible for Editor in 0.77 ms, found 3 plugins.
Preloading 0 native plugins for Editor in 0.00 ms.
Mono: successfully reloaded assembly
- Completed reload, in  1.336 seconds
Domain Reload Profiling:
	ReloadAssembly (1337ms)
		BeginReloadAssembly (153ms)
			ExecutionOrderSort (0ms)
			DisableScriptedObjects (5ms)
			BackupInstance (0ms)
			ReleaseScriptingObjects (0ms)
			CreateAndSetChildDomain (44ms)
		EndReloadAssembly (1060ms)
			LoadAssemblies (105ms)
			RebuildTransferFunctionScriptingTraits (0ms)
			SetupTypeCache (349ms)
			ReleaseScriptCaches (1ms)
			RebuildScriptCaches (53ms)
			SetupLoadedEditorAssemblies (476ms)
				LogAssemblyErrors (0ms)
				InitializePlatformSupportModulesInManaged (19ms)
				SetLoadedEditorAssemblies (1ms)
				RefreshPlugins (1ms)
				BeforeProcessingInitializeOnLoad (103ms)
				ProcessInitializeOnLoadAttributes (310ms)
				ProcessInitializeOnLoadMethodAttributes (37ms)
				AfterProcessingInitializeOnLoad (5ms)
				EditorAssembliesLoaded (0ms)
			ExecutionOrderSort2 (0ms)
			AwakeInstancesAfterBackupRestoration (13ms)
Platform modules already initialized, skipping
Refreshing native plugins compatible for Editor in 3.32 ms, found 3 plugins.
Preloading 0 native plugins for Editor in 0.00 ms.
Unloading 3384 Unused Serialized files (Serialized files now loaded: 0)
Unloading 20 unused Assets / (81.6 KB). Loaded Objects now: 3878.
Memory consumption went from 198.7 MB to 198.6 MB.
Total: 4.064300 ms (FindLiveObjects: 0.336200 ms CreateObjectMapping: 0.242800 ms MarkObjects: 3.351000 ms  DeleteObjects: 0.132900 ms)

AssetImportParameters requested are different than current active one (requested -> active):
  custom:video-decoder-ogg-theora: a1e56fd34408186e4bbccfd4996cb3dc -> 
  custom:container-muxer-webm: aa71ff27fc2769a1b78a27578f13a17b -> 
  custom:container-demuxer-webm: 4f35f7cbe854078d1ac9338744f61a02 -> 
  custom:video-encoder-webm-vp8: eb34c28f22e8b96e1ab97ce403110664 -> 
  custom:audio-encoder-webm-vorbis: bf7c407c2cedff20999df2af8eb42d56 -> 
  custom:framework-win-MediaFoundation: 216162199b28c13a410421893ffa2e32 -> 
  custom:container-demuxer-ogg: 62fdf1f143b41e24485cea50d1cbac27 -> 
  custom:video-decoder-webm-vp8: 9c59270c3fd7afecdb556c50c9e8de78 -> 
  custom:audio-decoder-ogg-vorbis: bf7c407c2cedff20999df2af8eb42d56 -> 
========================================================================
Received Import Request.
  Time since last request: 328.039895 seconds.
  path: Assets/AssetStore/Ammunition pack (demo)/Prefabs/Bullet1(2).prefab
  artifactKey: Guid(8306882d88a96b64291460c8d7664f4d) Importer(815301076,1909f56bfc062723c751e8b465ee728b)
Start importing Assets/AssetStore/Ammunition pack (demo)/Prefabs/Bullet1(2).prefab using Guid(8306882d88a96b64291460c8d7664f4d) Importer(815301076,1909f56bfc062723c751e8b465ee728b)  -> (artifact id: 'b7405491fc5b2b489522f1d0a52c2b30') in 0.472749 seconds 
========================================================================
Received Import Request.
  Time since last request: 0.000038 seconds.
  path: Assets/AssetStore/Ammunition pack (demo)/Prefabs/Bullet5(2).prefab
  artifactKey: Guid(dfd2458e1a259fb4cb8df717dcf151cd) Importer(815301076,1909f56bfc062723c751e8b465ee728b)
Start importing Assets/AssetStore/Ammunition pack (demo)/Prefabs/Bullet5(2).prefab using Guid(dfd2458e1a259fb4cb8df717dcf151cd) Importer(815301076,1909f56bfc062723c751e8b465ee728b)  -> (artifact id: 'e44dc5a84575f69f956e15eb56a0162d') in 0.017810 seconds 
========================================================================
Received Import Request.
  Time since last request: 0.000059 seconds.
  path: Assets/AssetStore/Ammunition pack (demo)/Prefabs/Bullet7(3).prefab
  artifactKey: Guid(8450b3fba93f2e0478311468c3d3e969) Importer(815301076,1909f56bfc062723c751e8b465ee728b)
Start importing Assets/AssetStore/Ammunition pack (demo)/Prefabs/Bullet7(3).prefab using Guid(8450b3fba93f2e0478311468c3d3e969) Importer(815301076,1909f56bfc062723c751e8b465ee728b)  -> (artifact id: '48c1c75701d212db99cc1814dcd505b3') in 0.014677 seconds 
========================================================================
Received Import Request.
  Time since last request: 0.000034 seconds.
  path: Assets/AssetStore/Ammunition pack (demo)/Prefabs/Bullet3(2).prefab
  artifactKey: Guid(ec4809a5aeed80242a4e3bd1cbd40381) Importer(815301076,1909f56bfc062723c751e8b465ee728b)
Start importing Assets/AssetStore/Ammunition pack (demo)/Prefabs/Bullet3(2).prefab using Guid(ec4809a5aeed80242a4e3bd1cbd40381) Importer(815301076,1909f56bfc062723c751e8b465ee728b)  -> (artifact id: '924516684fd6f622832b3937e64b409b') in 0.014047 seconds 
========================================================================
Received Import Request.
  Time since last request: 0.000037 seconds.
  path: Assets/AssetStore/Ammunition pack (demo)/Prefabs/Bullet5(1).prefab
  artifactKey: Guid(24f33896717e2634e82cd2f95a8b8da9) Importer(815301076,1909f56bfc062723c751e8b465ee728b)
Start importing Assets/AssetStore/Ammunition pack (demo)/Prefabs/Bullet5(1).prefab using Guid(24f33896717e2634e82cd2f95a8b8da9) Importer(815301076,1909f56bfc062723c751e8b465ee728b)  -> (artifact id: '775b41af3c3c8b6f4be6df666abf9969') in 0.014413 seconds 
========================================================================
Received Import Request.
  Time since last request: 0.000022 seconds.
  path: Assets/AssetStore/Ammunition pack (demo)/Prefabs/Bullet6.prefab
  artifactKey: Guid(88523427b2cadfb4fba0cfb821866b60) Importer(815301076,1909f56bfc062723c751e8b465ee728b)
Start importing Assets/AssetStore/Ammunition pack (demo)/Prefabs/Bullet6.prefab using Guid(88523427b2cadfb4fba0cfb821866b60) Importer(815301076,1909f56bfc062723c751e8b465ee728b)  -> (artifact id: '06dd8531877318da53b25cb1420fa47c') in 0.016942 seconds 
========================================================================
Received Import Request.
  Time since last request: 0.000021 seconds.
  path: Assets/AssetStore/Ammunition pack (demo)/Prefabs/Bullet3(1).prefab
  artifactKey: Guid(4c003a2f4a2bea64895c09477a013d61) Importer(815301076,1909f56bfc062723c751e8b465ee728b)
Start importing Assets/AssetStore/Ammunition pack (demo)/Prefabs/Bullet3(1).prefab using Guid(4c003a2f4a2bea64895c09477a013d61) Importer(815301076,1909f56bfc062723c751e8b465ee728b)  -> (artifact id: 'f458f99d3c96aadcc316fb5413e90846') in 0.016147 seconds 
========================================================================
Received Import Request.
  Time since last request: 0.000031 seconds.
  path: Assets/AssetStore/Ammunition pack (demo)/Prefabs/Bullet1(3).prefab
  artifactKey: Guid(1e15d82f04b99aa4c9b28e87530510d6) Importer(815301076,1909f56bfc062723c751e8b465ee728b)
Start importing Assets/AssetStore/Ammunition pack (demo)/Prefabs/Bullet1(3).prefab using Guid(1e15d82f04b99aa4c9b28e87530510d6) Importer(815301076,1909f56bfc062723c751e8b465ee728b)  -> (artifact id: '164be1661e7eedbd55577d545241ff76') in 0.014201 seconds 
========================================================================
Received Import Request.
  Time since last request: 50.931940 seconds.
  path: Assets/AssetStore/Ammunition pack (demo)/Textures/Bullet1_diffuse3.tga
  artifactKey: Guid(7a691c039fd73de44b0ee1a28b782307) Importer(815301076,1909f56bfc062723c751e8b465ee728b)
Start importing Assets/AssetStore/Ammunition pack (demo)/Textures/Bullet1_diffuse3.tga using Guid(7a691c039fd73de44b0ee1a28b782307) Importer(815301076,1909f56bfc062723c751e8b465ee728b)  -> (artifact id: '2c59aff37b5640d5433b1773a465f1ca') in 0.036456 seconds 
========================================================================
Received Import Request.
  Time since last request: 0.000020 seconds.
  path: Assets/AssetStore/Ammunition pack (demo)/Textures/Bullet7_metallic3.tga
  artifactKey: Guid(068d77f9f73ef104987a648cf6f9d4c8) Importer(815301076,1909f56bfc062723c751e8b465ee728b)
Start importing Assets/AssetStore/Ammunition pack (demo)/Textures/Bullet7_metallic3.tga using Guid(068d77f9f73ef104987a648cf6f9d4c8) Importer(815301076,1909f56bfc062723c751e8b465ee728b)  -> (artifact id: '7a01c0975941e1ad99522404481f7317') in 0.022711 seconds 
========================================================================
Received Import Request.
  Time since last request: 0.000024 seconds.
  path: Assets/AssetStore/Ammunition pack (demo)/Textures/Bullet7_metallic2.tga
  artifactKey: Guid(2d1c9b8f2f1d5c648b2eb0d8fe677ea4) Importer(815301076,1909f56bfc062723c751e8b465ee728b)
Start importing Assets/AssetStore/Ammunition pack (demo)/Textures/Bullet7_metallic2.tga using Guid(2d1c9b8f2f1d5c648b2eb0d8fe677ea4) Importer(815301076,1909f56bfc062723c751e8b465ee728b)  -> (artifact id: 'ced8f034af98770cdf6a18e1c56f3e2f') in 0.021523 seconds 
========================================================================
Received Import Request.
  Time since last request: 0.000021 seconds.
  path: Assets/AssetStore/Ammunition pack (demo)/Textures/Bullet6_metallic.tga
  artifactKey: Guid(327d0d734219a2446b71b950a67232b5) Importer(815301076,1909f56bfc062723c751e8b465ee728b)
Start importing Assets/AssetStore/Ammunition pack (demo)/Textures/Bullet6_metallic.tga using Guid(327d0d734219a2446b71b950a67232b5) Importer(815301076,1909f56bfc062723c751e8b465ee728b)  -> (artifact id: 'ad08a9f46f236483ac51bdc5e9017cdc') in 0.021483 seconds 
========================================================================
Received Import Request.
  Time since last request: 0.000032 seconds.
  path: Assets/AssetStore/Ammunition pack (demo)/Textures/Bullet3_diffuse2.tga
  artifactKey: Guid(711f2af3abcc42d429f3cc4964d7a447) Importer(815301076,1909f56bfc062723c751e8b465ee728b)
Start importing Assets/AssetStore/Ammunition pack (demo)/Textures/Bullet3_diffuse2.tga using Guid(711f2af3abcc42d429f3cc4964d7a447) Importer(815301076,1909f56bfc062723c751e8b465ee728b)  -> (artifact id: '239ad595752faeafa4c9b4f7f1de02d9') in 0.018939 seconds 
========================================================================
Received Import Request.
  Time since last request: 0.000021 seconds.
  path: Assets/AssetStore/Ammunition pack (demo)/Textures/Bullet5_normal.tga
  artifactKey: Guid(6bf8a5720228ccc4280b59b7c7eec833) Importer(815301076,1909f56bfc062723c751e8b465ee728b)
Start importing Assets/AssetStore/Ammunition pack (demo)/Textures/Bullet5_normal.tga using Guid(6bf8a5720228ccc4280b59b7c7eec833) Importer(815301076,1909f56bfc062723c751e8b465ee728b)  -> (artifact id: '6b4668ead35e74959b6a862e3bd5f7af') in 0.040995 seconds 
========================================================================
Received Import Request.
  Time since last request: 0.000020 seconds.
  path: Assets/AssetStore/Ammunition pack (demo)/Textures/Bullet1_metallic.tga
  artifactKey: Guid(40fea0bad5f94ce4fa85947631f7e9bd) Importer(815301076,1909f56bfc062723c751e8b465ee728b)
Start importing Assets/AssetStore/Ammunition pack (demo)/Textures/Bullet1_metallic.tga using Guid(40fea0bad5f94ce4fa85947631f7e9bd) Importer(815301076,1909f56bfc062723c751e8b465ee728b)  -> (artifact id: '5368ca25948e5d192988f0fb73cf5628') in 0.014170 seconds 
========================================================================
Received Import Request.
  Time since last request: 0.000033 seconds.
  path: Assets/AssetStore/Ammunition pack (demo)/Textures/Bullet4_normal.tga
  artifactKey: Guid(9c557eef648b0ca4485a3381e25f8bc8) Importer(815301076,1909f56bfc062723c751e8b465ee728b)
Start importing Assets/AssetStore/Ammunition pack (demo)/Textures/Bullet4_normal.tga using Guid(9c557eef648b0ca4485a3381e25f8bc8) Importer(815301076,1909f56bfc062723c751e8b465ee728b)  -> (artifact id: '05cb0e49e81071ecdcd550d60149e90d') in 0.009713 seconds 
========================================================================
Received Import Request.
  Time since last request: 0.000021 seconds.
  path: Assets/AssetStore/Ammunition pack (demo)/Textures/Bullet2_metallic2.tga
  artifactKey: Guid(7d122f3d3f4101f4ebe6658139952462) Importer(815301076,1909f56bfc062723c751e8b465ee728b)
Start importing Assets/AssetStore/Ammunition pack (demo)/Textures/Bullet2_metallic2.tga using Guid(7d122f3d3f4101f4ebe6658139952462) Importer(815301076,1909f56bfc062723c751e8b465ee728b)  -> (artifact id: '1e31722ea123b271cb51e4b566ea19f9') in 0.009711 seconds 
========================================================================
Received Import Request.
  Time since last request: 0.000033 seconds.
  path: Assets/AssetStore/Ammunition pack (demo)/Textures/Bullet4_diffuse.tga
  artifactKey: Guid(613785cbe4d6fdd4d9d01ca31c110888) Importer(815301076,1909f56bfc062723c751e8b465ee728b)
Start importing Assets/AssetStore/Ammunition pack (demo)/Textures/Bullet4_diffuse.tga using Guid(613785cbe4d6fdd4d9d01ca31c110888) Importer(815301076,1909f56bfc062723c751e8b465ee728b)  -> (artifact id: '2157a9b8d810349c9b1a87d98eec2366') in 0.009544 seconds 
========================================================================
Received Import Request.
  Time since last request: 0.000020 seconds.
  path: Assets/AssetStore/Ammunition pack (demo)/Textures/Bullet6_diffuse.tga
  artifactKey: Guid(bda533f36e338d24194a292a9dab7445) Importer(815301076,1909f56bfc062723c751e8b465ee728b)
Start importing Assets/AssetStore/Ammunition pack (demo)/Textures/Bullet6_diffuse.tga using Guid(bda533f36e338d24194a292a9dab7445) Importer(815301076,1909f56bfc062723c751e8b465ee728b)  -> (artifact id: '34fe5ba4abde4cb53f2a61bf13718e20') in 0.008616 seconds 
========================================================================
Received Import Request.
  Time since last request: 0.000018 seconds.
  path: Assets/AssetStore/Ammunition pack (demo)/Textures/Bullet3_metallic1,2.tga
  artifactKey: Guid(2261687d96aa46d48831349d1bb64fc8) Importer(815301076,1909f56bfc062723c751e8b465ee728b)
Start importing Assets/AssetStore/Ammunition pack (demo)/Textures/Bullet3_metallic1,2.tga using Guid(2261687d96aa46d48831349d1bb64fc8) Importer(815301076,1909f56bfc062723c751e8b465ee728b)  -> (artifact id: 'ff577b40beb28213f0e68e37b17b4800') in 0.009827 seconds 
========================================================================
Received Import Request.
  Time since last request: 0.000021 seconds.
  path: Assets/AssetStore/Ammunition pack (demo)/Textures/Bullet5_diffuse1.tga
  artifactKey: Guid(8ec575a0a13c31c4c86119ed8c930b30) Importer(815301076,1909f56bfc062723c751e8b465ee728b)
Start importing Assets/AssetStore/Ammunition pack (demo)/Textures/Bullet5_diffuse1.tga using Guid(8ec575a0a13c31c4c86119ed8c930b30) Importer(815301076,1909f56bfc062723c751e8b465ee728b)  -> (artifact id: 'fba516c741bd5e2ea5db583b8132beb8') in 0.009498 seconds 
========================================================================
Received Import Request.
  Time since last request: 51.471235 seconds.
  path: Assets/AssetStore/Ammunition pack (demo)/Textures/Bullet8_Substance_Bullet8_mat_Normal.tga
  artifactKey: Guid(d050a16db72148042985f40878793f03) Importer(815301076,1909f56bfc062723c751e8b465ee728b)
Start importing Assets/AssetStore/Ammunition pack (demo)/Textures/Bullet8_Substance_Bullet8_mat_Normal.tga using Guid(d050a16db72148042985f40878793f03) Importer(815301076,1909f56bfc062723c751e8b465ee728b)  -> (artifact id: '5a26a0290715535081be3abe720a0cd4') in 0.010376 seconds 
========================================================================
Received Import Request.
  Time since last request: 4.040421 seconds.
  path: Assets/AssetStore/Ammunition pack (demo)/Meshes/Bullet3.FBX
  artifactKey: Guid(028f3920425cc6540a649d74d0df2442) Importer(815301076,1909f56bfc062723c751e8b465ee728b)
Start importing Assets/AssetStore/Ammunition pack (demo)/Meshes/Bullet3.FBX using Guid(028f3920425cc6540a649d74d0df2442) Importer(815301076,1909f56bfc062723c751e8b465ee728b)  -> (artifact id: '58408e979a7142e0469d13bccb27d063') in 0.042430 seconds 
========================================================================
Received Import Request.
  Time since last request: 0.000027 seconds.
  path: Assets/AssetStore/Ammunition pack (demo)/Meshes/Bullet8.FBX
  artifactKey: Guid(76e1b756b9c1ad4438a1c6d4f71ee8d5) Importer(815301076,1909f56bfc062723c751e8b465ee728b)
Start importing Assets/AssetStore/Ammunition pack (demo)/Meshes/Bullet8.FBX using Guid(76e1b756b9c1ad4438a1c6d4f71ee8d5) Importer(815301076,1909f56bfc062723c751e8b465ee728b)  -> (artifact id: '6e31b9c1ff395337ceda2e11bca604b6') in 0.061149 seconds 
Editor requested this worker to shutdown with reason: Scaling down because of idle timeout
AssetImportWorker is now disconnected from the server
Process exiting
Exiting without the bug reporter. Application will terminate with return code 0