Using pre-set license
Built from '2021.3/staging' branch; Version is '2021.3.14f1 (eee1884e7226) revision 15655304'; Using compiler version '192829333'; Build Type 'Release'
OS: 'Windows 10  (10.0.18363) 64bit Professional' Language: 'tr' Physical Memory: 16241 MB
BatchMode: 1, IsHumanControllingUs: 0, StartBugReporterOnCrash: 0, Is64bit: 1, IsPro: 1

COMMAND LINE ARGUMENTS:
D:\Uygulamalar\UNITY\Editor\2021.3.14f1\Editor\Unity.exe
-adb2
-batchMode
-noUpm
-name
AssetImportWorker4
-projectPath
C:/Users/Kadir/Desktop/Infected Zone/Infected Zone
-logFile
Logs/AssetImportWorker4.log
-srvPort
57470
Successfully changed project path to: C:/Users/Kadir/Desktop/Infected Zone/Infected Zone
C:/Users/Kadir/Desktop/Infected Zone/Infected Zone
[UnityMemory] Configuration Parameters - Can be set up in boot.config
    "memorysetup-bucket-allocator-granularity=16"
    "memorysetup-bucket-allocator-bucket-count=8"
    "memorysetup-bucket-allocator-block-size=33554432"
    "memorysetup-bucket-allocator-block-count=8"
    "memorysetup-main-allocator-block-size=16777216"
    "memorysetup-thread-allocator-block-size=16777216"
    "memorysetup-gfx-main-allocator-block-size=16777216"
    "memorysetup-gfx-thread-allocator-block-size=16777216"
    "memorysetup-cache-allocator-block-size=4194304"
    "memorysetup-typetree-allocator-block-size=2097152"
    "memorysetup-profiler-bucket-allocator-granularity=16"
    "memorysetup-profiler-bucket-allocator-bucket-count=8"
    "memorysetup-profiler-bucket-allocator-block-size=33554432"
    "memorysetup-profiler-bucket-allocator-block-count=8"
    "memorysetup-profiler-allocator-block-size=16777216"
    "memorysetup-profiler-editor-allocator-block-size=1048576"
    "memorysetup-temp-allocator-size-main=16777216"
    "memorysetup-job-temp-allocator-block-size=2097152"
    "memorysetup-job-temp-allocator-block-size-background=1048576"
    "memorysetup-job-temp-allocator-reduction-small-platforms=262144"
    "memorysetup-temp-allocator-size-background-worker=32768"
    "memorysetup-temp-allocator-size-job-worker=262144"
    "memorysetup-temp-allocator-size-preload-manager=33554432"
    "memorysetup-temp-allocator-size-nav-mesh-worker=65536"
    "memorysetup-temp-allocator-size-audio-worker=65536"
    "memorysetup-temp-allocator-size-cloud-worker=32768"
    "memorysetup-temp-allocator-size-gi-baking-worker=262144"
    "memorysetup-temp-allocator-size-gfx=262144"
Refreshing native plugins compatible for Editor in 94.18 ms, found 3 plugins.
Preloading 0 native plugins for Editor in 0.00 ms.
Initialize engine version: 2021.3.14f1 (eee1884e7226)
[Subsystems] Discovering subsystems at path D:/Uygulamalar/UNITY/Editor/2021.3.14f1/Editor/Data/Resources/UnitySubsystems
[Subsystems] Discovering subsystems at path C:/Users/Kadir/Desktop/Infected Zone/Infected Zone/Assets
GfxDevice: creating device client; threaded=0; jobified=0
Direct3D:
    Version:  Direct3D 11.0 [level 11.1]
    Renderer: NVIDIA GeForce GTX 1650 (ID=0x1f91)
    Vendor:   NVIDIA
    VRAM:     3962 MB
    Driver:   30.0.15.1289
Initialize mono
Mono path[0] = 'D:/Uygulamalar/UNITY/Editor/2021.3.14f1/Editor/Data/Managed'
Mono path[1] = 'D:/Uygulamalar/UNITY/Editor/2021.3.14f1/Editor/Data/MonoBleedingEdge/lib/mono/unityjit-win32'
Mono config path = 'D:/Uygulamalar/UNITY/Editor/2021.3.14f1/Editor/Data/MonoBleedingEdge/etc'
Using monoOptions --debugger-agent=transport=dt_socket,embedding=1,server=y,suspend=n,address=127.0.0.1:56220
Begin MonoManager ReloadAssembly
Registering precompiled unity dll's ...
Register platform support module: D:/Uygulamalar/UNITY/Editor/2021.3.14f1/Editor/Data/PlaybackEngines/WebGLSupport/UnityEditor.WebGL.Extensions.dll
Register platform support module: D:/Uygulamalar/UNITY/Editor/2021.3.14f1/Editor/Data/PlaybackEngines/WindowsStandaloneSupport/UnityEditor.WindowsStandalone.Extensions.dll
Registered in 0.003156 seconds.
Native extension for WindowsStandalone target not found
Native extension for WebGL target not found
Refreshing native plugins compatible for Editor in 112.65 ms, found 3 plugins.
Preloading 0 native plugins for Editor in 0.00 ms.
Mono: successfully reloaded assembly
- Completed reload, in  0.655 seconds
Domain Reload Profiling:
	ReloadAssembly (656ms)
		BeginReloadAssembly (71ms)
			ExecutionOrderSort (0ms)
			DisableScriptedObjects (0ms)
			BackupInstance (0ms)
			ReleaseScriptingObjects (0ms)
			CreateAndSetChildDomain (1ms)
		EndReloadAssembly (487ms)
			LoadAssemblies (70ms)
			RebuildTransferFunctionScriptingTraits (0ms)
			SetupTypeCache (106ms)
			ReleaseScriptCaches (0ms)
			RebuildScriptCaches (37ms)
			SetupLoadedEditorAssemblies (295ms)
				LogAssemblyErrors (0ms)
				InitializePlatformSupportModulesInManaged (13ms)
				SetLoadedEditorAssemblies (0ms)
				RefreshPlugins (113ms)
				BeforeProcessingInitializeOnLoad (1ms)
				ProcessInitializeOnLoadAttributes (122ms)
				ProcessInitializeOnLoadMethodAttributes (45ms)
				AfterProcessingInitializeOnLoad (0ms)
				EditorAssembliesLoaded (0ms)
			ExecutionOrderSort2 (0ms)
			AwakeInstancesAfterBackupRestoration (0ms)
Platform modules already initialized, skipping
Registering precompiled user dll's ...
Registered in 0.006912 seconds.
Begin MonoManager ReloadAssembly
Symbol file LoadedFromMemory doesn't match image C:\Users\Kadir\Desktop\Infected Zone\Infected Zone\Library\PackageCache\com.unity.visualscripting@1.7.8\Editor\VisualScripting.Core\Dependencies\YamlDotNet\Unity.VisualScripting.YamlDotNet.dll
Symbol file LoadedFromMemory doesn't match image C:\Users\Kadir\Desktop\Infected Zone\Infected Zone\Library\PackageCache\com.unity.visualscripting@1.7.8\Editor\VisualScripting.Core\Dependencies\DotNetZip\Unity.VisualScripting.IonicZip.dll
Native extension for WindowsStandalone target not found
Native extension for WebGL target not found
Refreshing native plugins compatible for Editor in 0.61 ms, found 3 plugins.
Preloading 0 native plugins for Editor in 0.00 ms.
Mono: successfully reloaded assembly
- Completed reload, in  1.020 seconds
Domain Reload Profiling:
	ReloadAssembly (1021ms)
		BeginReloadAssembly (105ms)
			ExecutionOrderSort (0ms)
			DisableScriptedObjects (6ms)
			BackupInstance (0ms)
			ReleaseScriptingObjects (0ms)
			CreateAndSetChildDomain (19ms)
		EndReloadAssembly (810ms)
			LoadAssemblies (84ms)
			RebuildTransferFunctionScriptingTraits (0ms)
			SetupTypeCache (297ms)
			ReleaseScriptCaches (1ms)
			RebuildScriptCaches (49ms)
			SetupLoadedEditorAssemblies (341ms)
				LogAssemblyErrors (0ms)
				InitializePlatformSupportModulesInManaged (5ms)
				SetLoadedEditorAssemblies (0ms)
				RefreshPlugins (1ms)
				BeforeProcessingInitializeOnLoad (88ms)
				ProcessInitializeOnLoadAttributes (220ms)
				ProcessInitializeOnLoadMethodAttributes (23ms)
				AfterProcessingInitializeOnLoad (3ms)
				EditorAssembliesLoaded (0ms)
			ExecutionOrderSort2 (0ms)
			AwakeInstancesAfterBackupRestoration (7ms)
Platform modules already initialized, skipping
========================================================================
Worker process is ready to serve import requests
Launched and connected shader compiler UnityShaderCompiler.exe after 0.06 seconds
Refreshing native plugins compatible for Editor in 0.66 ms, found 3 plugins.
Preloading 0 native plugins for Editor in 0.00 ms.
Unloading 3398 Unused Serialized files (Serialized files now loaded: 0)
Unloading 27 unused Assets / (114.5 KB). Loaded Objects now: 3864.
Memory consumption went from 195.3 MB to 195.2 MB.
Total: 3.454900 ms (FindLiveObjects: 0.247700 ms CreateObjectMapping: 0.145000 ms MarkObjects: 2.950000 ms  DeleteObjects: 0.111200 ms)

AssetImportParameters requested are different than current active one (requested -> active):
  custom:video-decoder-ogg-theora: a1e56fd34408186e4bbccfd4996cb3dc -> 
  custom:container-muxer-webm: aa71ff27fc2769a1b78a27578f13a17b -> 
  custom:container-demuxer-webm: 4f35f7cbe854078d1ac9338744f61a02 -> 
  custom:video-encoder-webm-vp8: eb34c28f22e8b96e1ab97ce403110664 -> 
  custom:audio-encoder-webm-vorbis: bf7c407c2cedff20999df2af8eb42d56 -> 
  custom:framework-win-MediaFoundation: 216162199b28c13a410421893ffa2e32 -> 
  custom:container-demuxer-ogg: 62fdf1f143b41e24485cea50d1cbac27 -> 
  custom:video-decoder-webm-vp8: 9c59270c3fd7afecdb556c50c9e8de78 -> 
  custom:audio-decoder-ogg-vorbis: bf7c407c2cedff20999df2af8eb42d56 -> 
========================================================================
Received Import Request.
  Time since last request: 12823.165074 seconds.
  path: Assets/AssetStore/Ammunition pack (demo)/Textures/Bullet1_diffuse1.tga
  artifactKey: Guid(30fcefff8373d6c4fa567c23ded3a8a3) Importer(815301076,1909f56bfc062723c751e8b465ee728b)
Start importing Assets/AssetStore/Ammunition pack (demo)/Textures/Bullet1_diffuse1.tga using Guid(30fcefff8373d6c4fa567c23ded3a8a3) Importer(815301076,1909f56bfc062723c751e8b465ee728b)  -> (artifact id: '856ea1d70bb258f7bc88efb758a5ed04') in 0.117896 seconds 
========================================================================
Received Import Request.
  Time since last request: 0.000034 seconds.
  path: Assets/AssetStore/Ammunition pack (demo)/Textures/Bullet7_diffuse1.tga
  artifactKey: Guid(a4249f3354abefe4b8c773a81a76c2ee) Importer(815301076,1909f56bfc062723c751e8b465ee728b)
Start importing Assets/AssetStore/Ammunition pack (demo)/Textures/Bullet7_diffuse1.tga using Guid(a4249f3354abefe4b8c773a81a76c2ee) Importer(815301076,1909f56bfc062723c751e8b465ee728b)  -> (artifact id: 'ea77cb9f747552f1bc62007d0f523367') in 0.045781 seconds 
========================================================================
Received Import Request.
  Time since last request: 0.000031 seconds.
  path: Assets/AssetStore/Ammunition pack (demo)/Textures/Bullet1_normal2,3.tga
  artifactKey: Guid(49cfe39cc0a83564e9119afea7655acd) Importer(815301076,1909f56bfc062723c751e8b465ee728b)
Start importing Assets/AssetStore/Ammunition pack (demo)/Textures/Bullet1_normal2,3.tga using Guid(49cfe39cc0a83564e9119afea7655acd) Importer(815301076,1909f56bfc062723c751e8b465ee728b)  -> (artifact id: '308475d10630a6864d79f540409e27d7') in 0.047130 seconds 
========================================================================
Received Import Request.
  Time since last request: 0.000021 seconds.
  path: Assets/AssetStore/Ammunition pack (demo)/Textures/Bullet7_diffuse2.tga
  artifactKey: Guid(73a4e936f33ce7f4a8f7689b6ba9cd3f) Importer(815301076,1909f56bfc062723c751e8b465ee728b)
Start importing Assets/AssetStore/Ammunition pack (demo)/Textures/Bullet7_diffuse2.tga using Guid(73a4e936f33ce7f4a8f7689b6ba9cd3f) Importer(815301076,1909f56bfc062723c751e8b465ee728b)  -> (artifact id: 'd6d415ab8ef25e55f3f01572f1158285') in 0.008408 seconds 
========================================================================
Received Import Request.
  Time since last request: 0.000020 seconds.
  path: Assets/AssetStore/Ammunition pack (demo)/Textures/Bullet3_diffuse1.tga
  artifactKey: Guid(f30d8f2e796f36645ba47e6d96aca1e9) Importer(815301076,1909f56bfc062723c751e8b465ee728b)
Start importing Assets/AssetStore/Ammunition pack (demo)/Textures/Bullet3_diffuse1.tga using Guid(f30d8f2e796f36645ba47e6d96aca1e9) Importer(815301076,1909f56bfc062723c751e8b465ee728b)  -> (artifact id: '7d381095d2fce13458ea12c6eff6323d') in 0.008025 seconds 
========================================================================
Received Import Request.
  Time since last request: 0.000022 seconds.
  path: Assets/AssetStore/Ammunition pack (demo)/Textures/Bullet1_normal1.tga
  artifactKey: Guid(d31ca25eaa121c946b796653b7ad0391) Importer(815301076,1909f56bfc062723c751e8b465ee728b)
Start importing Assets/AssetStore/Ammunition pack (demo)/Textures/Bullet1_normal1.tga using Guid(d31ca25eaa121c946b796653b7ad0391) Importer(815301076,1909f56bfc062723c751e8b465ee728b)  -> (artifact id: '4327a3f91969b9b475dc68c1e2a5b5cf') in 0.009106 seconds 
========================================================================
Received Import Request.
  Time since last request: 0.000023 seconds.
  path: Assets/AssetStore/Ammunition pack (demo)/Textures/Bullet2_metallic1.tga
  artifactKey: Guid(a53a252606e53f6489671364ced88db6) Importer(815301076,1909f56bfc062723c751e8b465ee728b)
Start importing Assets/AssetStore/Ammunition pack (demo)/Textures/Bullet2_metallic1.tga using Guid(a53a252606e53f6489671364ced88db6) Importer(815301076,1909f56bfc062723c751e8b465ee728b)  -> (artifact id: '1a0e25f3b62f3c45519ed23a249f8868') in 0.009101 seconds 
========================================================================
Received Import Request.
  Time since last request: 0.000037 seconds.
  path: Assets/AssetStore/Ammunition pack (demo)/Textures/Bullet4_metallic.tga
  artifactKey: Guid(9ad56495adf899c47b8cb7ec44ad63f6) Importer(815301076,1909f56bfc062723c751e8b465ee728b)
Start importing Assets/AssetStore/Ammunition pack (demo)/Textures/Bullet4_metallic.tga using Guid(9ad56495adf899c47b8cb7ec44ad63f6) Importer(815301076,1909f56bfc062723c751e8b465ee728b)  -> (artifact id: '5b27610191b46f26e25c720eba37357e') in 0.009104 seconds 
========================================================================
Received Import Request.
  Time since last request: 0.000027 seconds.
  path: Assets/AssetStore/Ammunition pack (demo)/Textures/Bullet6_normal.tga
  artifactKey: Guid(825b671eae0d1f448a50a3b4328e8b0b) Importer(815301076,1909f56bfc062723c751e8b465ee728b)
Start importing Assets/AssetStore/Ammunition pack (demo)/Textures/Bullet6_normal.tga using Guid(825b671eae0d1f448a50a3b4328e8b0b) Importer(815301076,1909f56bfc062723c751e8b465ee728b)  -> (artifact id: 'd49c4a14c0561b93d75518220d8e5243') in 0.008303 seconds 
========================================================================
Received Import Request.
  Time since last request: 14.705197 seconds.
  path: Assets/Prefabs/Bullets/Bullet.prefab
  artifactKey: Guid(5c0265d8ca60d3d47829c760a0179fa4) Importer(815301076,1909f56bfc062723c751e8b465ee728b)
Start importing Assets/Prefabs/Bullets/Bullet.prefab using Guid(5c0265d8ca60d3d47829c760a0179fa4) Importer(815301076,1909f56bfc062723c751e8b465ee728b)  -> (artifact id: '05835d1b9c614a57f50cf3e1a8c53ebb') in 0.062597 seconds 
========================================================================
Received Import Request.
  Time since last request: 36.690284 seconds.
  path: Assets/AssetStore/Ammunition pack (demo)/Textures/Bullet8_Substance_Bullet8_mat_AlbedoTransparency.tga
  artifactKey: Guid(5854edc770c850240a378bd6102d6000) Importer(815301076,1909f56bfc062723c751e8b465ee728b)
Start importing Assets/AssetStore/Ammunition pack (demo)/Textures/Bullet8_Substance_Bullet8_mat_AlbedoTransparency.tga using Guid(5854edc770c850240a378bd6102d6000) Importer(815301076,1909f56bfc062723c751e8b465ee728b)  -> (artifact id: 'a6adac9f3631a105ef323d19af73f7fe') in 0.010387 seconds 
========================================================================
Received Import Request.
  Time since last request: 4.040289 seconds.
  path: Assets/AssetStore/Ammunition pack (demo)/Meshes/Bullet1.FBX
  artifactKey: Guid(ff419cf9e460bab428084b82c5ac3d92) Importer(815301076,1909f56bfc062723c751e8b465ee728b)
Start importing Assets/AssetStore/Ammunition pack (demo)/Meshes/Bullet1.FBX using Guid(ff419cf9e460bab428084b82c5ac3d92) Importer(815301076,1909f56bfc062723c751e8b465ee728b)  -> (artifact id: 'd29446ed7c7a3e73ab9a877a98c6e956') in 0.050661 seconds 
========================================================================
Received Import Request.
  Time since last request: 0.000027 seconds.
  path: Assets/AssetStore/Ammunition pack (demo)/Meshes/Bullet5.FBX
  artifactKey: Guid(3ea76e574d0118b4aab293180faf9ef1) Importer(815301076,1909f56bfc062723c751e8b465ee728b)
Start importing Assets/AssetStore/Ammunition pack (demo)/Meshes/Bullet5.FBX using Guid(3ea76e574d0118b4aab293180faf9ef1) Importer(815301076,1909f56bfc062723c751e8b465ee728b)  -> (artifact id: '07a9cd75a8d5bb0b71800b249c905304') in 0.037850 seconds 
========================================================================
Received Import Request.
  Time since last request: 0.000040 seconds.
  path: Assets/AssetStore/Ammunition pack (demo)/Meshes/Bullet7.FBX
  artifactKey: Guid(14ae9fc8d1294c842a7b38656a47dddb) Importer(815301076,1909f56bfc062723c751e8b465ee728b)
Start importing Assets/AssetStore/Ammunition pack (demo)/Meshes/Bullet7.FBX using Guid(14ae9fc8d1294c842a7b38656a47dddb) Importer(815301076,1909f56bfc062723c751e8b465ee728b)  -> (artifact id: '5d48244dbd848884b473bd1b5f2bcf45') in 0.028046 seconds 
========================================================================
Received Import Request.
  Time since last request: 65.000350 seconds.
  path: Assets/AssetStore/Ammunition pack (demo)/Materials/Bullet1_mat(1).mat
  artifactKey: Guid(a9b4fec9d71bd2147b7c657e369a5689) Importer(815301076,1909f56bfc062723c751e8b465ee728b)
Start importing Assets/AssetStore/Ammunition pack (demo)/Materials/Bullet1_mat(1).mat using Guid(a9b4fec9d71bd2147b7c657e369a5689) Importer(815301076,1909f56bfc062723c751e8b465ee728b)  -> (artifact id: 'b6596fbc306f72135aac9acf2c376e85') in 0.327177 seconds 
========================================================================
Received Import Request.
  Time since last request: 0.000029 seconds.
  path: Assets/AssetStore/Ammunition pack (demo)/Materials/Bullet5_mat(1).mat
  artifactKey: Guid(41b2e6ab168c0804d87ace71626b6407) Importer(815301076,1909f56bfc062723c751e8b465ee728b)
Start importing Assets/AssetStore/Ammunition pack (demo)/Materials/Bullet5_mat(1).mat using Guid(41b2e6ab168c0804d87ace71626b6407) Importer(815301076,1909f56bfc062723c751e8b465ee728b)  -> (artifact id: 'ed9fbc0f38c63d9caaddf98c23d59252') in 0.016948 seconds 
========================================================================
Received Import Request.
  Time since last request: 0.000034 seconds.
  path: Assets/AssetStore/Ammunition pack (demo)/Materials/Bullet5_mat(3).mat
  artifactKey: Guid(6abfa12a63688b241a423afad4eca488) Importer(815301076,1909f56bfc062723c751e8b465ee728b)
Start importing Assets/AssetStore/Ammunition pack (demo)/Materials/Bullet5_mat(3).mat using Guid(6abfa12a63688b241a423afad4eca488) Importer(815301076,1909f56bfc062723c751e8b465ee728b)  -> (artifact id: '124bf2326f6a5463722e8b4d91428307') in 0.014479 seconds 
========================================================================
Received Import Request.
  Time since last request: 0.000020 seconds.
  path: Assets/AssetStore/Ammunition pack (demo)/Materials/Bullet7_mat(2).mat
  artifactKey: Guid(2268a2ca378a80a4099f75828517fe5d) Importer(815301076,1909f56bfc062723c751e8b465ee728b)
Start importing Assets/AssetStore/Ammunition pack (demo)/Materials/Bullet7_mat(2).mat using Guid(2268a2ca378a80a4099f75828517fe5d) Importer(815301076,1909f56bfc062723c751e8b465ee728b)  -> (artifact id: '1e6335429e6b20bbeffa10d76dee0fe7') in 0.015139 seconds 
========================================================================
Received Import Request.
  Time since last request: 28.834522 seconds.
  path: Assets/AssetStore/Ammunition pack (demo)/Materials/Bullet6_mat 1.mat
  artifactKey: Guid(4fa3ed01247ca4a41870f7332e7a6c28) Importer(815301076,1909f56bfc062723c751e8b465ee728b)
Start importing Assets/AssetStore/Ammunition pack (demo)/Materials/Bullet6_mat 1.mat using Guid(4fa3ed01247ca4a41870f7332e7a6c28) Importer(815301076,1909f56bfc062723c751e8b465ee728b)  -> (artifact id: '0096594cf120d63c6592eb8af6870deb') in 0.012532 seconds 
========================================================================
Received Import Request.
  Time since last request: 0.000029 seconds.
  path: Assets/AssetStore/Ammunition pack (demo)/Materials/Bullet7_mat(3) 1.mat
  artifactKey: Guid(47fa20f5864c4dc498f5978540c530e2) Importer(815301076,1909f56bfc062723c751e8b465ee728b)
Start importing Assets/AssetStore/Ammunition pack (demo)/Materials/Bullet7_mat(3) 1.mat using Guid(47fa20f5864c4dc498f5978540c530e2) Importer(815301076,1909f56bfc062723c751e8b465ee728b)  -> (artifact id: 'ceca8bf7c43c4d97af76a9e976290095') in 0.012585 seconds 
========================================================================
Received Import Request.
  Time since last request: 32.621544 seconds.
  path: Assets/AssetStore/Ammunition pack (demo)/Meshes/Bullet6.FBX
  artifactKey: Guid(32229c95e1aa3f7459af64aff3f449a3) Importer(815301076,1909f56bfc062723c751e8b465ee728b)
Start importing Assets/AssetStore/Ammunition pack (demo)/Meshes/Bullet6.FBX using Guid(32229c95e1aa3f7459af64aff3f449a3) Importer(815301076,1909f56bfc062723c751e8b465ee728b)  -> (artifact id: '30046a97d701f0562f29c99eb0ae496a') in 0.018468 seconds 
========================================================================
Received Import Request.
  Time since last request: 10.902962 seconds.
  path: Assets/AssetStore/Ammunition pack (demo)/Animations/Bullet1_animations.FBX
  artifactKey: Guid(44c4e7f330952134eae5e89e9caf1fa5) Importer(815301076,1909f56bfc062723c751e8b465ee728b)
Start importing Assets/AssetStore/Ammunition pack (demo)/Animations/Bullet1_animations.FBX using Guid(44c4e7f330952134eae5e89e9caf1fa5) Importer(815301076,1909f56bfc062723c751e8b465ee728b)  -> (artifact id: '21d15fb65b7d45b7e5993fbfa779a637') in 0.020961 seconds 
========================================================================
Received Import Request.
  Time since last request: 0.000034 seconds.
  path: Assets/AssetStore/Ammunition pack (demo)/Animations/Bullet8_animations.FBX
  artifactKey: Guid(e871e009dcc1a0142b9c5e480d6e021c) Importer(815301076,1909f56bfc062723c751e8b465ee728b)
Start importing Assets/AssetStore/Ammunition pack (demo)/Animations/Bullet8_animations.FBX using Guid(e871e009dcc1a0142b9c5e480d6e021c) Importer(815301076,1909f56bfc062723c751e8b465ee728b)  -> (artifact id: '9019baed0f827bad73417900ccdc3f78') in 0.032660 seconds 
========================================================================
Received Import Request.
  Time since last request: 0.000023 seconds.
  path: Assets/AssetStore/Ammunition pack (demo)/Animations/Bullet5_animations.FBX
  artifactKey: Guid(02314cf010f95eb459adce42bbb8987c) Importer(815301076,1909f56bfc062723c751e8b465ee728b)
Start importing Assets/AssetStore/Ammunition pack (demo)/Animations/Bullet5_animations.FBX using Guid(02314cf010f95eb459adce42bbb8987c) Importer(815301076,1909f56bfc062723c751e8b465ee728b)  -> (artifact id: '4c2fe0cf9a0a9f173d9fcbdb9bf1c868') in 0.020919 seconds 
========================================================================
Received Import Request.
  Time since last request: 3.562946 seconds.
  path: Assets/AssetStore/Ammunition pack (demo)/Prefabs/Bullet1(1).prefab
  artifactKey: Guid(2ce15a1900ef14a459f78260cd05a3dc) Importer(815301076,1909f56bfc062723c751e8b465ee728b)
Start importing Assets/AssetStore/Ammunition pack (demo)/Prefabs/Bullet1(1).prefab using Guid(2ce15a1900ef14a459f78260cd05a3dc) Importer(815301076,1909f56bfc062723c751e8b465ee728b)  -> (artifact id: '636b3983221a993cce5d48a101ce850e') in 0.003829 seconds 
========================================================================
Received Import Request.
  Time since last request: 0.000020 seconds.
  path: Assets/AssetStore/Ammunition pack (demo)/Prefabs/Bullet4.prefab
  artifactKey: Guid(424570faa59c41248b97fd39edf5d414) Importer(815301076,1909f56bfc062723c751e8b465ee728b)
Start importing Assets/AssetStore/Ammunition pack (demo)/Prefabs/Bullet4.prefab using Guid(424570faa59c41248b97fd39edf5d414) Importer(815301076,1909f56bfc062723c751e8b465ee728b)  -> (artifact id: '5a483a4950941d83311a7978145dec98') in 0.003318 seconds 
========================================================================
Received Import Request.
  Time since last request: 0.000033 seconds.
  path: Assets/AssetStore/Ammunition pack (demo)/Prefabs/Bullet2(1).prefab
  artifactKey: Guid(7af6b07676c52b94ba63b3fa7ff7d0fd) Importer(815301076,1909f56bfc062723c751e8b465ee728b)
Start importing Assets/AssetStore/Ammunition pack (demo)/Prefabs/Bullet2(1).prefab using Guid(7af6b07676c52b94ba63b3fa7ff7d0fd) Importer(815301076,1909f56bfc062723c751e8b465ee728b)  -> (artifact id: '45a08447beccb887b7c46efc15858358') in 0.004508 seconds 
========================================================================
Received Import Request.
  Time since last request: 0.000043 seconds.
  path: Assets/AssetStore/Ammunition pack (demo)/Prefabs/Bullet5(1).prefab
  artifactKey: Guid(24f33896717e2634e82cd2f95a8b8da9) Importer(815301076,1909f56bfc062723c751e8b465ee728b)
Start importing Assets/AssetStore/Ammunition pack (demo)/Prefabs/Bullet5(1).prefab using Guid(24f33896717e2634e82cd2f95a8b8da9) Importer(815301076,1909f56bfc062723c751e8b465ee728b)  -> (artifact id: 'deac2dc7e78c443d624e64de314d10cf') in 0.004228 seconds 
========================================================================
Received Import Request.
  Time since last request: 0.000023 seconds.
  path: Assets/AssetStore/Ammunition pack (demo)/Prefabs/Bullet8.prefab
  artifactKey: Guid(3b79e6f8a415f7841a8a55733c4683cd) Importer(815301076,1909f56bfc062723c751e8b465ee728b)
Start importing Assets/AssetStore/Ammunition pack (demo)/Prefabs/Bullet8.prefab using Guid(3b79e6f8a415f7841a8a55733c4683cd) Importer(815301076,1909f56bfc062723c751e8b465ee728b)  -> (artifact id: 'd4681a9d5db4bb15c6b060a270af7f32') in 0.004037 seconds 
========================================================================
Received Import Request.
  Time since last request: 42.867540 seconds.
  path: Assets/Prefabs/OldPlayer.prefab
  artifactKey: Guid(ae3930de2fb3dc546bd55d05ac50628d) Importer(815301076,1909f56bfc062723c751e8b465ee728b)
Start importing Assets/Prefabs/OldPlayer.prefab using Guid(ae3930de2fb3dc546bd55d05ac50628d) Importer(815301076,1909f56bfc062723c751e8b465ee728b)  -> (artifact id: '3b6982c3c08722c189303f5089915ccf') in 0.027761 seconds 
========================================================================
Received Import Request.
  Time since last request: 1.164970 seconds.
  path: Assets/Prefabs/Bullets/Bullet.prefab
  artifactKey: Guid(5c0265d8ca60d3d47829c760a0179fa4) Importer(815301076,1909f56bfc062723c751e8b465ee728b)
Start importing Assets/Prefabs/Bullets/Bullet.prefab using Guid(5c0265d8ca60d3d47829c760a0179fa4) Importer(815301076,1909f56bfc062723c751e8b465ee728b)  -> (artifact id: 'e77742fa23b94e05fbef57dc57cf8630') in 0.017068 seconds 
========================================================================
Received Import Request.
  Time since last request: 73.435587 seconds.
  path: Assets/Prefabs/Collectibles/WeaponBoost.prefab
  artifactKey: Guid(d6fc754876b287f4f988e6ec74a0ec10) Importer(815301076,1909f56bfc062723c751e8b465ee728b)
Start importing Assets/Prefabs/Collectibles/WeaponBoost.prefab using Guid(d6fc754876b287f4f988e6ec74a0ec10) Importer(815301076,1909f56bfc062723c751e8b465ee728b)  -> (artifact id: '7c7b64c736dfc63acd9cb8b395e06712') in 0.037694 seconds 
========================================================================
Received Import Request.
  Time since last request: 3.461904 seconds.
  path: Assets/Prefabs/Bullets/Bullet.prefab
  artifactKey: Guid(5c0265d8ca60d3d47829c760a0179fa4) Importer(815301076,1909f56bfc062723c751e8b465ee728b)
Start importing Assets/Prefabs/Bullets/Bullet.prefab using Guid(5c0265d8ca60d3d47829c760a0179fa4) Importer(815301076,1909f56bfc062723c751e8b465ee728b)  -> (artifact id: '1907b335fe6f2a46236f2fd910cc2ab9') in 0.019270 seconds 
========================================================================
Received Import Request.
  Time since last request: 5.676480 seconds.
  path: Assets/AssetStore/JMO Assets/Cartoon FX Remaster/CFXR Assets/Graphics/cfxr stretch fire crisp fade hdr ab.mat
  artifactKey: Guid(2e32f93f5ce765e47b0cabd37ce2b73d) Importer(815301076,1909f56bfc062723c751e8b465ee728b)
Start importing Assets/AssetStore/JMO Assets/Cartoon FX Remaster/CFXR Assets/Graphics/cfxr stretch fire crisp fade hdr ab.mat using Guid(2e32f93f5ce765e47b0cabd37ce2b73d) Importer(815301076,1909f56bfc062723c751e8b465ee728b)  -> (artifact id: '9bee75d8d2aabe920d7d25ceff9f5231') in 0.027080 seconds 
========================================================================
Received Prepare
Registering precompiled user dll's ...
Registered in 0.007602 seconds.
Begin MonoManager ReloadAssembly
Symbol file LoadedFromMemory doesn't match image C:\Users\Kadir\Desktop\Infected Zone\Infected Zone\Library\PackageCache\com.unity.visualscripting@1.7.8\Editor\VisualScripting.Core\Dependencies\YamlDotNet\Unity.VisualScripting.YamlDotNet.dll
Symbol file LoadedFromMemory doesn't match image C:\Users\Kadir\Desktop\Infected Zone\Infected Zone\Library\PackageCache\com.unity.visualscripting@1.7.8\Editor\VisualScripting.Core\Dependencies\DotNetZip\Unity.VisualScripting.IonicZip.dll
Native extension for WindowsStandalone target not found
Native extension for WebGL target not found
Refreshing native plugins compatible for Editor in 0.81 ms, found 3 plugins.
Preloading 0 native plugins for Editor in 0.00 ms.
Mono: successfully reloaded assembly
- Completed reload, in  1.417 seconds
Domain Reload Profiling:
	ReloadAssembly (1418ms)
		BeginReloadAssembly (152ms)
			ExecutionOrderSort (0ms)
			DisableScriptedObjects (5ms)
			BackupInstance (0ms)
			ReleaseScriptingObjects (0ms)
			CreateAndSetChildDomain (43ms)
		EndReloadAssembly (1154ms)
			LoadAssemblies (108ms)
			RebuildTransferFunctionScriptingTraits (0ms)
			SetupTypeCache (418ms)
			ReleaseScriptCaches (2ms)
			RebuildScriptCaches (65ms)
			SetupLoadedEditorAssemblies (480ms)
				LogAssemblyErrors (0ms)
				InitializePlatformSupportModulesInManaged (18ms)
				SetLoadedEditorAssemblies (1ms)
				RefreshPlugins (1ms)
				BeforeProcessingInitializeOnLoad (97ms)
				ProcessInitializeOnLoadAttributes (314ms)
				ProcessInitializeOnLoadMethodAttributes (44ms)
				AfterProcessingInitializeOnLoad (4ms)
				EditorAssembliesLoaded (0ms)
			ExecutionOrderSort2 (0ms)
			AwakeInstancesAfterBackupRestoration (11ms)
Platform modules already initialized, skipping
Refreshing native plugins compatible for Editor in 2.84 ms, found 3 plugins.
Preloading 0 native plugins for Editor in 0.00 ms.
Unloading 3384 Unused Serialized files (Serialized files now loaded: 0)
Unloading 20 unused Assets / (81.6 KB). Loaded Objects now: 3918.
Memory consumption went from 211.9 MB to 211.8 MB.
Total: 4.717900 ms (FindLiveObjects: 0.385400 ms CreateObjectMapping: 0.659800 ms MarkObjects: 3.534200 ms  DeleteObjects: 0.137400 ms)

AssetImportParameters requested are different than current active one (requested -> active):
  custom:video-decoder-ogg-theora: a1e56fd34408186e4bbccfd4996cb3dc -> 
  custom:container-muxer-webm: aa71ff27fc2769a1b78a27578f13a17b -> 
  custom:container-demuxer-webm: 4f35f7cbe854078d1ac9338744f61a02 -> 
  custom:video-encoder-webm-vp8: eb34c28f22e8b96e1ab97ce403110664 -> 
  custom:audio-encoder-webm-vorbis: bf7c407c2cedff20999df2af8eb42d56 -> 
  custom:framework-win-MediaFoundation: 216162199b28c13a410421893ffa2e32 -> 
  custom:container-demuxer-ogg: 62fdf1f143b41e24485cea50d1cbac27 -> 
  custom:video-decoder-webm-vp8: 9c59270c3fd7afecdb556c50c9e8de78 -> 
  custom:audio-decoder-ogg-vorbis: bf7c407c2cedff20999df2af8eb42d56 -> 
========================================================================
Received Import Request.
  Time since last request: 20.687300 seconds.
  path: Assets/Prefabs/Bullets/Bullet.prefab
  artifactKey: Guid(5c0265d8ca60d3d47829c760a0179fa4) Importer(815301076,1909f56bfc062723c751e8b465ee728b)
Start importing Assets/Prefabs/Bullets/Bullet.prefab using Guid(5c0265d8ca60d3d47829c760a0179fa4) Importer(815301076,1909f56bfc062723c751e8b465ee728b)  -> (artifact id: '70328f40214255eee106b12ce21092da') in 0.109668 seconds 
========================================================================
Received Import Request.
  Time since last request: 4.397423 seconds.
  path: Assets/Prefabs/Bullets/Bullet.prefab
  artifactKey: Guid(5c0265d8ca60d3d47829c760a0179fa4) Importer(815301076,1909f56bfc062723c751e8b465ee728b)
Start importing Assets/Prefabs/Bullets/Bullet.prefab using Guid(5c0265d8ca60d3d47829c760a0179fa4) Importer(815301076,1909f56bfc062723c751e8b465ee728b)  -> (artifact id: 'a45b9f8d160fa0344d61df0963a69b2a') in 0.018257 seconds 
========================================================================
Received Prepare
Registering precompiled user dll's ...
Registered in 0.007440 seconds.
Begin MonoManager ReloadAssembly
Symbol file LoadedFromMemory doesn't match image C:\Users\Kadir\Desktop\Infected Zone\Infected Zone\Library\PackageCache\com.unity.visualscripting@1.7.8\Editor\VisualScripting.Core\Dependencies\YamlDotNet\Unity.VisualScripting.YamlDotNet.dll
Symbol file LoadedFromMemory doesn't match image C:\Users\Kadir\Desktop\Infected Zone\Infected Zone\Library\PackageCache\com.unity.visualscripting@1.7.8\Editor\VisualScripting.Core\Dependencies\DotNetZip\Unity.VisualScripting.IonicZip.dll
Native extension for WindowsStandalone target not found
Native extension for WebGL target not found
Refreshing native plugins compatible for Editor in 0.82 ms, found 3 plugins.
Preloading 0 native plugins for Editor in 0.00 ms.
Mono: successfully reloaded assembly
- Completed reload, in  1.388 seconds
Domain Reload Profiling:
	ReloadAssembly (1389ms)
		BeginReloadAssembly (150ms)
			ExecutionOrderSort (0ms)
			DisableScriptedObjects (6ms)
			BackupInstance (0ms)
			ReleaseScriptingObjects (0ms)
			CreateAndSetChildDomain (43ms)
		EndReloadAssembly (1128ms)
			LoadAssemblies (111ms)
			RebuildTransferFunctionScriptingTraits (0ms)
			SetupTypeCache (404ms)
			ReleaseScriptCaches (2ms)
			RebuildScriptCaches (65ms)
			SetupLoadedEditorAssemblies (468ms)
				LogAssemblyErrors (0ms)
				InitializePlatformSupportModulesInManaged (18ms)
				SetLoadedEditorAssemblies (1ms)
				RefreshPlugins (1ms)
				BeforeProcessingInitializeOnLoad (103ms)
				ProcessInitializeOnLoadAttributes (300ms)
				ProcessInitializeOnLoadMethodAttributes (39ms)
				AfterProcessingInitializeOnLoad (5ms)
				EditorAssembliesLoaded (0ms)
			ExecutionOrderSort2 (0ms)
			AwakeInstancesAfterBackupRestoration (11ms)
Platform modules already initialized, skipping
Refreshing native plugins compatible for Editor in 2.72 ms, found 3 plugins.
Preloading 0 native plugins for Editor in 0.00 ms.
Unloading 3384 Unused Serialized files (Serialized files now loaded: 0)
Unloading 20 unused Assets / (81.5 KB). Loaded Objects now: 3921.
Memory consumption went from 211.9 MB to 211.8 MB.
Total: 4.499000 ms (FindLiveObjects: 0.318800 ms CreateObjectMapping: 0.230400 ms MarkObjects: 3.843900 ms  DeleteObjects: 0.104900 ms)

AssetImportParameters requested are different than current active one (requested -> active):
  custom:video-decoder-ogg-theora: a1e56fd34408186e4bbccfd4996cb3dc -> 
  custom:container-muxer-webm: aa71ff27fc2769a1b78a27578f13a17b -> 
  custom:container-demuxer-webm: 4f35f7cbe854078d1ac9338744f61a02 -> 
  custom:video-encoder-webm-vp8: eb34c28f22e8b96e1ab97ce403110664 -> 
  custom:audio-encoder-webm-vorbis: bf7c407c2cedff20999df2af8eb42d56 -> 
  custom:framework-win-MediaFoundation: 216162199b28c13a410421893ffa2e32 -> 
  custom:container-demuxer-ogg: 62fdf1f143b41e24485cea50d1cbac27 -> 
  custom:video-decoder-webm-vp8: 9c59270c3fd7afecdb556c50c9e8de78 -> 
  custom:audio-decoder-ogg-vorbis: bf7c407c2cedff20999df2af8eb42d56 -> 
========================================================================
Received Import Request.
  Time since last request: 143.834849 seconds.
  path: Assets/Prefabs/Bullets/Bullet.prefab
  artifactKey: Guid(5c0265d8ca60d3d47829c760a0179fa4) Importer(815301076,1909f56bfc062723c751e8b465ee728b)
Start importing Assets/Prefabs/Bullets/Bullet.prefab using Guid(5c0265d8ca60d3d47829c760a0179fa4) Importer(815301076,1909f56bfc062723c751e8b465ee728b)  -> (artifact id: 'b43221f90eb5472c25c64cad0dbc267d') in 0.098406 seconds 
========================================================================
Received Prepare
Registering precompiled user dll's ...
Registered in 0.007043 seconds.
Begin MonoManager ReloadAssembly
Symbol file LoadedFromMemory doesn't match image C:\Users\Kadir\Desktop\Infected Zone\Infected Zone\Library\PackageCache\com.unity.visualscripting@1.7.8\Editor\VisualScripting.Core\Dependencies\YamlDotNet\Unity.VisualScripting.YamlDotNet.dll
Symbol file LoadedFromMemory doesn't match image C:\Users\Kadir\Desktop\Infected Zone\Infected Zone\Library\PackageCache\com.unity.visualscripting@1.7.8\Editor\VisualScripting.Core\Dependencies\DotNetZip\Unity.VisualScripting.IonicZip.dll
Native extension for WindowsStandalone target not found
Native extension for WebGL target not found
Refreshing native plugins compatible for Editor in 0.78 ms, found 3 plugins.
Preloading 0 native plugins for Editor in 0.00 ms.
Mono: successfully reloaded assembly
- Completed reload, in  1.287 seconds
Domain Reload Profiling:
	ReloadAssembly (1288ms)
		BeginReloadAssembly (146ms)
			ExecutionOrderSort (0ms)
			DisableScriptedObjects (5ms)
			BackupInstance (0ms)
			ReleaseScriptingObjects (0ms)
			CreateAndSetChildDomain (43ms)
		EndReloadAssembly (1041ms)
			LoadAssemblies (97ms)
			RebuildTransferFunctionScriptingTraits (0ms)
			SetupTypeCache (328ms)
			ReleaseScriptCaches (1ms)
			RebuildScriptCaches (59ms)
			SetupLoadedEditorAssemblies (467ms)
				LogAssemblyErrors (0ms)
				InitializePlatformSupportModulesInManaged (18ms)
				SetLoadedEditorAssemblies (1ms)
				RefreshPlugins (1ms)
				BeforeProcessingInitializeOnLoad (104ms)
				ProcessInitializeOnLoadAttributes (303ms)
				ProcessInitializeOnLoadMethodAttributes (36ms)
				AfterProcessingInitializeOnLoad (5ms)
				EditorAssembliesLoaded (0ms)
			ExecutionOrderSort2 (0ms)
			AwakeInstancesAfterBackupRestoration (12ms)
Platform modules already initialized, skipping
Refreshing native plugins compatible for Editor in 4.15 ms, found 3 plugins.
Preloading 0 native plugins for Editor in 0.00 ms.
Unloading 3384 Unused Serialized files (Serialized files now loaded: 0)
Unloading 20 unused Assets / (81.6 KB). Loaded Objects now: 3924.
Memory consumption went from 211.9 MB to 211.9 MB.
Total: 5.102100 ms (FindLiveObjects: 0.325900 ms CreateObjectMapping: 0.237400 ms MarkObjects: 4.421700 ms  DeleteObjects: 0.116000 ms)

AssetImportParameters requested are different than current active one (requested -> active):
  custom:video-decoder-ogg-theora: a1e56fd34408186e4bbccfd4996cb3dc -> 
  custom:container-muxer-webm: aa71ff27fc2769a1b78a27578f13a17b -> 
  custom:container-demuxer-webm: 4f35f7cbe854078d1ac9338744f61a02 -> 
  custom:video-encoder-webm-vp8: eb34c28f22e8b96e1ab97ce403110664 -> 
  custom:audio-encoder-webm-vorbis: bf7c407c2cedff20999df2af8eb42d56 -> 
  custom:framework-win-MediaFoundation: 216162199b28c13a410421893ffa2e32 -> 
  custom:container-demuxer-ogg: 62fdf1f143b41e24485cea50d1cbac27 -> 
  custom:video-decoder-webm-vp8: 9c59270c3fd7afecdb556c50c9e8de78 -> 
  custom:audio-decoder-ogg-vorbis: bf7c407c2cedff20999df2af8eb42d56 -> 
========================================================================
Received Prepare
Registering precompiled user dll's ...
Registered in 0.007296 seconds.
Begin MonoManager ReloadAssembly
Symbol file LoadedFromMemory doesn't match image C:\Users\Kadir\Desktop\Infected Zone\Infected Zone\Library\PackageCache\com.unity.visualscripting@1.7.8\Editor\VisualScripting.Core\Dependencies\YamlDotNet\Unity.VisualScripting.YamlDotNet.dll
Symbol file LoadedFromMemory doesn't match image C:\Users\Kadir\Desktop\Infected Zone\Infected Zone\Library\PackageCache\com.unity.visualscripting@1.7.8\Editor\VisualScripting.Core\Dependencies\DotNetZip\Unity.VisualScripting.IonicZip.dll
Native extension for WindowsStandalone target not found
Native extension for WebGL target not found
Refreshing native plugins compatible for Editor in 0.68 ms, found 3 plugins.
Preloading 0 native plugins for Editor in 0.00 ms.
Mono: successfully reloaded assembly
- Completed reload, in  1.361 seconds
Domain Reload Profiling:
	ReloadAssembly (1362ms)
		BeginReloadAssembly (144ms)
			ExecutionOrderSort (0ms)
			DisableScriptedObjects (6ms)
			BackupInstance (0ms)
			ReleaseScriptingObjects (0ms)
			CreateAndSetChildDomain (41ms)
		EndReloadAssembly (1076ms)
			LoadAssemblies (94ms)
			RebuildTransferFunctionScriptingTraits (0ms)
			SetupTypeCache (373ms)
			ReleaseScriptCaches (2ms)
			RebuildScriptCaches (57ms)
			SetupLoadedEditorAssemblies (467ms)
				LogAssemblyErrors (0ms)
				InitializePlatformSupportModulesInManaged (20ms)
				SetLoadedEditorAssemblies (1ms)
				RefreshPlugins (1ms)
				BeforeProcessingInitializeOnLoad (96ms)
				ProcessInitializeOnLoadAttributes (306ms)
				ProcessInitializeOnLoadMethodAttributes (37ms)
				AfterProcessingInitializeOnLoad (6ms)
				EditorAssembliesLoaded (0ms)
			ExecutionOrderSort2 (0ms)
			AwakeInstancesAfterBackupRestoration (12ms)
Platform modules already initialized, skipping
Refreshing native plugins compatible for Editor in 2.68 ms, found 3 plugins.
Preloading 0 native plugins for Editor in 0.00 ms.
Unloading 3384 Unused Serialized files (Serialized files now loaded: 0)
Unloading 20 unused Assets / (81.5 KB). Loaded Objects now: 3927.
Memory consumption went from 211.9 MB to 211.9 MB.
Total: 4.326600 ms (FindLiveObjects: 0.335800 ms CreateObjectMapping: 0.315200 ms MarkObjects: 3.552700 ms  DeleteObjects: 0.121600 ms)

AssetImportParameters requested are different than current active one (requested -> active):
  custom:video-decoder-ogg-theora: a1e56fd34408186e4bbccfd4996cb3dc -> 
  custom:container-muxer-webm: aa71ff27fc2769a1b78a27578f13a17b -> 
  custom:container-demuxer-webm: 4f35f7cbe854078d1ac9338744f61a02 -> 
  custom:video-encoder-webm-vp8: eb34c28f22e8b96e1ab97ce403110664 -> 
  custom:audio-encoder-webm-vorbis: bf7c407c2cedff20999df2af8eb42d56 -> 
  custom:framework-win-MediaFoundation: 216162199b28c13a410421893ffa2e32 -> 
  custom:container-demuxer-ogg: 62fdf1f143b41e24485cea50d1cbac27 -> 
  custom:video-decoder-webm-vp8: 9c59270c3fd7afecdb556c50c9e8de78 -> 
  custom:audio-decoder-ogg-vorbis: bf7c407c2cedff20999df2af8eb42d56 -> 
========================================================================
Received Prepare
Registering precompiled user dll's ...
Registered in 0.009120 seconds.
Begin MonoManager ReloadAssembly
Symbol file LoadedFromMemory doesn't match image C:\Users\Kadir\Desktop\Infected Zone\Infected Zone\Library\PackageCache\com.unity.visualscripting@1.7.8\Editor\VisualScripting.Core\Dependencies\YamlDotNet\Unity.VisualScripting.YamlDotNet.dll
Symbol file LoadedFromMemory doesn't match image C:\Users\Kadir\Desktop\Infected Zone\Infected Zone\Library\PackageCache\com.unity.visualscripting@1.7.8\Editor\VisualScripting.Core\Dependencies\DotNetZip\Unity.VisualScripting.IonicZip.dll
Native extension for WindowsStandalone target not found
Native extension for WebGL target not found
Refreshing native plugins compatible for Editor in 0.90 ms, found 3 plugins.
Preloading 0 native plugins for Editor in 0.00 ms.
Mono: successfully reloaded assembly
- Completed reload, in  1.311 seconds
Domain Reload Profiling:
	ReloadAssembly (1312ms)
		BeginReloadAssembly (143ms)
			ExecutionOrderSort (0ms)
			DisableScriptedObjects (7ms)
			BackupInstance (0ms)
			ReleaseScriptingObjects (0ms)
			CreateAndSetChildDomain (40ms)
		EndReloadAssembly (1061ms)
			LoadAssemblies (93ms)
			RebuildTransferFunctionScriptingTraits (0ms)
			SetupTypeCache (364ms)
			ReleaseScriptCaches (3ms)
			RebuildScriptCaches (59ms)
			SetupLoadedEditorAssemblies (464ms)
				LogAssemblyErrors (0ms)
				InitializePlatformSupportModulesInManaged (17ms)
				SetLoadedEditorAssemblies (1ms)
				RefreshPlugins (1ms)
				BeforeProcessingInitializeOnLoad (98ms)
				ProcessInitializeOnLoadAttributes (299ms)
				ProcessInitializeOnLoadMethodAttributes (42ms)
				AfterProcessingInitializeOnLoad (6ms)
				EditorAssembliesLoaded (0ms)
			ExecutionOrderSort2 (0ms)
			AwakeInstancesAfterBackupRestoration (12ms)
Platform modules already initialized, skipping
Refreshing native plugins compatible for Editor in 2.65 ms, found 3 plugins.
Preloading 0 native plugins for Editor in 0.00 ms.
Unloading 3384 Unused Serialized files (Serialized files now loaded: 0)
Unloading 20 unused Assets / (81.6 KB). Loaded Objects now: 3930.
Memory consumption went from 212.0 MB to 211.9 MB.
Total: 4.784300 ms (FindLiveObjects: 0.370100 ms CreateObjectMapping: 0.250900 ms MarkObjects: 4.060100 ms  DeleteObjects: 0.102300 ms)

AssetImportParameters requested are different than current active one (requested -> active):
  custom:video-decoder-ogg-theora: a1e56fd34408186e4bbccfd4996cb3dc -> 
  custom:container-muxer-webm: aa71ff27fc2769a1b78a27578f13a17b -> 
  custom:container-demuxer-webm: 4f35f7cbe854078d1ac9338744f61a02 -> 
  custom:video-encoder-webm-vp8: eb34c28f22e8b96e1ab97ce403110664 -> 
  custom:audio-encoder-webm-vorbis: bf7c407c2cedff20999df2af8eb42d56 -> 
  custom:framework-win-MediaFoundation: 216162199b28c13a410421893ffa2e32 -> 
  custom:container-demuxer-ogg: 62fdf1f143b41e24485cea50d1cbac27 -> 
  custom:video-decoder-webm-vp8: 9c59270c3fd7afecdb556c50c9e8de78 -> 
  custom:audio-decoder-ogg-vorbis: bf7c407c2cedff20999df2af8eb42d56 -> 
